  Star.cpp
  Saucer.cpp
  Reticle.cpp
  Hero.cpp
  GameOver.cpp
  game.cpp
  Explosion.cpp
  EventNuke.cpp
  Bullet.cpp
  Generating Code...
     Creating library D:\David Giangrave\Documents\Repos\IMGD-3000-17\saucer-shoot-naiad-master\vs-2015\x64\Debug\saucer-shoot.lib and object D:\David Giangrave\Documents\Repos\IMGD-3000-17\saucer-shoot-naiad-master\vs-2015\x64\Debug\saucer-shoot.exp
Reticle.obj : error LNK2019: unresolved external symbol "public: class std::basic_string<char,struct std::char_traits<char>,class std::allocator<char> > __cdecl df::Event::getType(void)const " (?getType@Event@df@@QEBA?AV?$basic_string@DU?$char_traits@D@std@@V?$allocator@D@2@@std@@XZ) referenced in function "int `public: __cdecl std::_String_alloc<struct std::_String_base_types<char,class std::allocator<char> > >::_String_alloc<struct std::_String_base_types<char,class std::allocator<char> > ><class std::allocator<char>,void>(class _String_alloc<struct std::_String_base_types<char,class std::allocator<char> > >::allocator<char> &&)'::`1'::dtor$0" (?dtor$0@?0???$?0V?$allocator@D@std@@X@?$_String_alloc@U?$_String_base_types@DV?$allocator@D@std@@@std@@@std@@QEAA@$$QEAV?$allocator@D@1@@Z@4HA)
Saucer.obj : error LNK2001: unresolved external symbol "public: class std::basic_string<char,struct std::char_traits<char>,class std::allocator<char> > __cdecl df::Event::getType(void)const " (?getType@Event@df@@QEBA?AV?$basic_string@DU?$char_traits@D@std@@V?$allocator@D@2@@std@@XZ)
Star.obj : error LNK2001: unresolved external symbol "public: class std::basic_string<char,struct std::char_traits<char>,class std::allocator<char> > __cdecl df::Event::getType(void)const " (?getType@Event@df@@QEBA?AV?$basic_string@DU?$char_traits@D@std@@V?$allocator@D@2@@std@@XZ)
Bullet.obj : error LNK2001: unresolved external symbol "public: class std::basic_string<char,struct std::char_traits<char>,class std::allocator<char> > __cdecl df::Event::getType(void)const " (?getType@Event@df@@QEBA?AV?$basic_string@DU?$char_traits@D@std@@V?$allocator@D@2@@std@@XZ)
Explosion.obj : error LNK2001: unresolved external symbol "public: class std::basic_string<char,struct std::char_traits<char>,class std::allocator<char> > __cdecl df::Event::getType(void)const " (?getType@Event@df@@QEBA?AV?$basic_string@DU?$char_traits@D@std@@V?$allocator@D@2@@std@@XZ)
GameOver.obj : error LNK2001: unresolved external symbol "public: class std::basic_string<char,struct std::char_traits<char>,class std::allocator<char> > __cdecl df::Event::getType(void)const " (?getType@Event@df@@QEBA?AV?$basic_string@DU?$char_traits@D@std@@V?$allocator@D@2@@std@@XZ)
Hero.obj : error LNK2001: unresolved external symbol "public: class std::basic_string<char,struct std::char_traits<char>,class std::allocator<char> > __cdecl df::Event::getType(void)const " (?getType@Event@df@@QEBA?AV?$basic_string@DU?$char_traits@D@std@@V?$allocator@D@2@@std@@XZ)
Saucer.obj : error LNK2001: unresolved external symbol "public: __cdecl df::Vector::Vector(float,float)" (??0Vector@df@@QEAA@MM@Z)
Star.obj : error LNK2001: unresolved external symbol "public: __cdecl df::Vector::Vector(float,float)" (??0Vector@df@@QEAA@MM@Z)
Bullet.obj : error LNK2001: unresolved external symbol "public: __cdecl df::Vector::Vector(float,float)" (??0Vector@df@@QEAA@MM@Z)
Explosion.obj : error LNK2001: unresolved external symbol "public: __cdecl df::Vector::Vector(float,float)" (??0Vector@df@@QEAA@MM@Z)
GameOver.obj : error LNK2001: unresolved external symbol "public: __cdecl df::Vector::Vector(float,float)" (??0Vector@df@@QEAA@MM@Z)
Hero.obj : error LNK2001: unresolved external symbol "public: __cdecl df::Vector::Vector(float,float)" (??0Vector@df@@QEAA@MM@Z)
Bullet.obj : error LNK2019: unresolved external symbol "public: float __cdecl df::Vector::getX(void)const " (?getX@Vector@df@@QEBAMXZ) referenced in function "public: __cdecl Bullet::Bullet(class df::Vector)" (??0Bullet@@QEAA@VVector@df@@@Z)
Explosion.obj : error LNK2001: unresolved external symbol "public: float __cdecl df::Vector::getX(void)const " (?getX@Vector@df@@QEBAMXZ)
Hero.obj : error LNK2001: unresolved external symbol "public: float __cdecl df::Vector::getX(void)const " (?getX@Vector@df@@QEBAMXZ)
Saucer.obj : error LNK2001: unresolved external symbol "public: float __cdecl df::Vector::getX(void)const " (?getX@Vector@df@@QEBAMXZ)
Bullet.obj : error LNK2019: unresolved external symbol "public: float __cdecl df::Vector::getY(void)const " (?getY@Vector@df@@QEBAMXZ) referenced in function "public: __cdecl Bullet::Bullet(class df::Vector)" (??0Bullet@@QEAA@VVector@df@@@Z)
Explosion.obj : error LNK2001: unresolved external symbol "public: float __cdecl df::Vector::getY(void)const " (?getY@Vector@df@@QEBAMXZ)
Hero.obj : error LNK2001: unresolved external symbol "public: float __cdecl df::Vector::getY(void)const " (?getY@Vector@df@@QEBAMXZ)
Reticle.obj : error LNK2019: unresolved external symbol "public: static class df::DisplayManager & __cdecl df::DisplayManager::getInstance(void)" (?getInstance@DisplayManager@df@@SAAEAV12@XZ) referenced in function "public: class std::basic_string<char,struct std::char_traits<char>,class std::allocator<char> > & __cdecl std::basic_string<char,struct std::char_traits<char>,class std::allocator<char> >::_Reallocate_for<class <lambda_66f57f934f28d61049862f64df852ff0>,char const *>(unsigned __int64,class <lambda_66f57f934f28d61049862f64df852ff0>,char const *)" (??$_Reallocate_for@V<lambda_66f57f934f28d61049862f64df852ff0>@@PEBD@?$basic_string@DU?$char_traits@D@std@@V?$allocator@D@2@@std@@QEAAAEAV01@_KV<lambda_66f57f934f28d61049862f64df852ff0>@@PEBD@Z)
Saucer.obj : error LNK2001: unresolved external symbol "public: static class df::DisplayManager & __cdecl df::DisplayManager::getInstance(void)" (?getInstance@DisplayManager@df@@SAAEAV12@XZ)
Star.obj : error LNK2001: unresolved external symbol "public: static class df::DisplayManager & __cdecl df::DisplayManager::getInstance(void)" (?getInstance@DisplayManager@df@@SAAEAV12@XZ)
Bullet.obj : error LNK2001: unresolved external symbol "public: static class df::DisplayManager & __cdecl df::DisplayManager::getInstance(void)" (?getInstance@DisplayManager@df@@SAAEAV12@XZ)
Explosion.obj : error LNK2001: unresolved external symbol "public: static class df::DisplayManager & __cdecl df::DisplayManager::getInstance(void)" (?getInstance@DisplayManager@df@@SAAEAV12@XZ)
GameOver.obj : error LNK2001: unresolved external symbol "public: static class df::DisplayManager & __cdecl df::DisplayManager::getInstance(void)" (?getInstance@DisplayManager@df@@SAAEAV12@XZ)
Hero.obj : error LNK2001: unresolved external symbol "public: static class df::DisplayManager & __cdecl df::DisplayManager::getInstance(void)" (?getInstance@DisplayManager@df@@SAAEAV12@XZ)
Saucer.obj : error LNK2019: unresolved external symbol "public: int __cdecl df::DisplayManager::drawCh(class df::Vector,char,enum df::Color)const " (?drawCh@DisplayManager@df@@QEBAHVVector@2@DW4Color@2@@Z) referenced in function "public: __cdecl std::_String_alloc<struct std::_String_base_types<char,class std::allocator<char> > >::~_String_alloc<struct std::_String_base_types<char,class std::allocator<char> > >(void)" (??1?$_String_alloc@U?$_String_base_types@DV?$allocator@D@std@@@std@@@std@@QEAA@XZ)
Star.obj : error LNK2001: unresolved external symbol "public: int __cdecl df::DisplayManager::drawCh(class df::Vector,char,enum df::Color)const " (?drawCh@DisplayManager@df@@QEBAHVVector@2@DW4Color@2@@Z)
Bullet.obj : error LNK2001: unresolved external symbol "public: int __cdecl df::DisplayManager::drawCh(class df::Vector,char,enum df::Color)const " (?drawCh@DisplayManager@df@@QEBAHVVector@2@DW4Color@2@@Z)
Explosion.obj : error LNK2001: unresolved external symbol "public: int __cdecl df::DisplayManager::drawCh(class df::Vector,char,enum df::Color)const " (?drawCh@DisplayManager@df@@QEBAHVVector@2@DW4Color@2@@Z)
Hero.obj : error LNK2001: unresolved external symbol "public: int __cdecl df::DisplayManager::drawCh(class df::Vector,char,enum df::Color)const " (?drawCh@DisplayManager@df@@QEBAHVVector@2@DW4Color@2@@Z)
Reticle.obj : error LNK2001: unresolved external symbol "public: int __cdecl df::DisplayManager::drawCh(class df::Vector,char,enum df::Color)const " (?drawCh@DisplayManager@df@@QEBAHVVector@2@DW4Color@2@@Z)
Reticle.obj : error LNK2019: unresolved external symbol "public: __cdecl df::Object::Object(void)" (??0Object@df@@QEAA@XZ) referenced in function "public: virtual int __cdecl Reticle::eventHandler(class df::Event const *)" (?eventHandler@Reticle@@UEAAHPEBVEvent@df@@@Z)
Saucer.obj : error LNK2001: unresolved external symbol "public: __cdecl df::Object::Object(void)" (??0Object@df@@QEAA@XZ)
Star.obj : error LNK2001: unresolved external symbol "public: __cdecl df::Object::Object(void)" (??0Object@df@@QEAA@XZ)
Bullet.obj : error LNK2001: unresolved external symbol "public: __cdecl df::Object::Object(void)" (??0Object@df@@QEAA@XZ)
Explosion.obj : error LNK2001: unresolved external symbol "public: __cdecl df::Object::Object(void)" (??0Object@df@@QEAA@XZ)
GameOver.obj : error LNK2001: unresolved external symbol "public: __cdecl df::Object::Object(void)" (??0Object@df@@QEAA@XZ)
Hero.obj : error LNK2001: unresolved external symbol "public: __cdecl df::Object::Object(void)" (??0Object@df@@QEAA@XZ)
Reticle.obj : error LNK2001: unresolved external symbol "public: virtual __cdecl df::Object::~Object(void)" (??1Object@df@@UEAA@XZ)
Saucer.obj : error LNK2001: unresolved external symbol "public: virtual __cdecl df::Object::~Object(void)" (??1Object@df@@UEAA@XZ)
Star.obj : error LNK2001: unresolved external symbol "public: virtual __cdecl df::Object::~Object(void)" (??1Object@df@@UEAA@XZ)
Bullet.obj : error LNK2001: unresolved external symbol "public: virtual __cdecl df::Object::~Object(void)" (??1Object@df@@UEAA@XZ)
Explosion.obj : error LNK2001: unresolved external symbol "public: virtual __cdecl df::Object::~Object(void)" (??1Object@df@@UEAA@XZ)
GameOver.obj : error LNK2001: unresolved external symbol "public: virtual __cdecl df::Object::~Object(void)" (??1Object@df@@UEAA@XZ)
Hero.obj : error LNK2001: unresolved external symbol "public: virtual __cdecl df::Object::~Object(void)" (??1Object@df@@UEAA@XZ)
Reticle.obj : error LNK2001: unresolved external symbol "public: void __cdecl df::Object::setType(class std::basic_string<char,struct std::char_traits<char>,class std::allocator<char> >)" (?setType@Object@df@@QEAAXV?$basic_string@DU?$char_traits@D@std@@V?$allocator@D@2@@std@@@Z)
Saucer.obj : error LNK2001: unresolved external symbol "public: void __cdecl df::Object::setType(class std::basic_string<char,struct std::char_traits<char>,class std::allocator<char> >)" (?setType@Object@df@@QEAAXV?$basic_string@DU?$char_traits@D@std@@V?$allocator@D@2@@std@@@Z)
Star.obj : error LNK2001: unresolved external symbol "public: void __cdecl df::Object::setType(class std::basic_string<char,struct std::char_traits<char>,class std::allocator<char> >)" (?setType@Object@df@@QEAAXV?$basic_string@DU?$char_traits@D@std@@V?$allocator@D@2@@std@@@Z)
Bullet.obj : error LNK2001: unresolved external symbol "public: void __cdecl df::Object::setType(class std::basic_string<char,struct std::char_traits<char>,class std::allocator<char> >)" (?setType@Object@df@@QEAAXV?$basic_string@DU?$char_traits@D@std@@V?$allocator@D@2@@std@@@Z)
Explosion.obj : error LNK2001: unresolved external symbol "public: void __cdecl df::Object::setType(class std::basic_string<char,struct std::char_traits<char>,class std::allocator<char> >)" (?setType@Object@df@@QEAAXV?$basic_string@DU?$char_traits@D@std@@V?$allocator@D@2@@std@@@Z)
GameOver.obj : error LNK2001: unresolved external symbol "public: void __cdecl df::Object::setType(class std::basic_string<char,struct std::char_traits<char>,class std::allocator<char> >)" (?setType@Object@df@@QEAAXV?$basic_string@DU?$char_traits@D@std@@V?$allocator@D@2@@std@@@Z)
Hero.obj : error LNK2001: unresolved external symbol "public: void __cdecl df::Object::setType(class std::basic_string<char,struct std::char_traits<char>,class std::allocator<char> >)" (?setType@Object@df@@QEAAXV?$basic_string@DU?$char_traits@D@std@@V?$allocator@D@2@@std@@@Z)
Saucer.obj : error LNK2001: unresolved external symbol "public: void __cdecl df::Object::setPosition(class df::Vector)" (?setPosition@Object@df@@QEAAXVVector@2@@Z)
Star.obj : error LNK2001: unresolved external symbol "public: void __cdecl df::Object::setPosition(class df::Vector)" (?setPosition@Object@df@@QEAAXVVector@2@@Z)
Bullet.obj : error LNK2001: unresolved external symbol "public: void __cdecl df::Object::setPosition(class df::Vector)" (?setPosition@Object@df@@QEAAXVVector@2@@Z)
GameOver.obj : error LNK2001: unresolved external symbol "public: void __cdecl df::Object::setPosition(class df::Vector)" (?setPosition@Object@df@@QEAAXVVector@2@@Z)
Hero.obj : error LNK2001: unresolved external symbol "public: void __cdecl df::Object::setPosition(class df::Vector)" (?setPosition@Object@df@@QEAAXVVector@2@@Z)
Reticle.obj : error LNK2001: unresolved external symbol "public: void __cdecl df::Object::setPosition(class df::Vector)" (?setPosition@Object@df@@QEAAXVVector@2@@Z)
Reticle.obj : error LNK2001: unresolved external symbol "public: class df::Vector __cdecl df::Object::getPosition(void)const " (?getPosition@Object@df@@QEBA?AVVector@2@XZ)
Saucer.obj : error LNK2001: unresolved external symbol "public: class df::Vector __cdecl df::Object::getPosition(void)const " (?getPosition@Object@df@@QEBA?AVVector@2@XZ)
Star.obj : error LNK2001: unresolved external symbol "public: class df::Vector __cdecl df::Object::getPosition(void)const " (?getPosition@Object@df@@QEBA?AVVector@2@XZ)
Bullet.obj : error LNK2001: unresolved external symbol "public: class df::Vector __cdecl df::Object::getPosition(void)const " (?getPosition@Object@df@@QEBA?AVVector@2@XZ)
Explosion.obj : error LNK2001: unresolved external symbol "public: class df::Vector __cdecl df::Object::getPosition(void)const " (?getPosition@Object@df@@QEBA?AVVector@2@XZ)
GameOver.obj : error LNK2001: unresolved external symbol "public: class df::Vector __cdecl df::Object::getPosition(void)const " (?getPosition@Object@df@@QEBA?AVVector@2@XZ)
Hero.obj : error LNK2001: unresolved external symbol "public: class df::Vector __cdecl df::Object::getPosition(void)const " (?getPosition@Object@df@@QEBA?AVVector@2@XZ)
Bullet.obj : error LNK2019: unresolved external symbol "public: void __cdecl df::Object::setVelocity(class df::Vector)" (?setVelocity@Object@df@@QEAAXVVector@2@@Z) referenced in function "public: __cdecl Bullet::Bullet(class df::Vector)" (??0Bullet@@QEAA@VVector@df@@@Z)
Hero.obj : error LNK2001: unresolved external symbol "public: void __cdecl df::Object::setVelocity(class df::Vector)" (?setVelocity@Object@df@@QEAAXVVector@2@@Z)
Saucer.obj : error LNK2001: unresolved external symbol "public: void __cdecl df::Object::setVelocity(class df::Vector)" (?setVelocity@Object@df@@QEAAXVVector@2@@Z)
Star.obj : error LNK2001: unresolved external symbol "public: void __cdecl df::Object::setVelocity(class df::Vector)" (?setVelocity@Object@df@@QEAAXVVector@2@@Z)
Saucer.obj : error LNK2019: unresolved external symbol "public: static class df::WorldManager & __cdecl df::WorldManager::getInstance(void)" (?getInstance@WorldManager@df@@SAAEAV12@XZ) referenced in function "int `public: __cdecl std::_String_alloc<struct std::_String_base_types<char,class std::allocator<char> > >::_String_alloc<struct std::_String_base_types<char,class std::allocator<char> > >(void)'::`1'::dtor$0" (?dtor$0@?0???0?$_String_alloc@U?$_String_base_types@DV?$allocator@D@std@@@std@@@std@@QEAA@XZ@4HA)
Bullet.obj : error LNK2001: unresolved external symbol "public: static class df::WorldManager & __cdecl df::WorldManager::getInstance(void)" (?getInstance@WorldManager@df@@SAAEAV12@XZ)
Explosion.obj : error LNK2001: unresolved external symbol "public: static class df::WorldManager & __cdecl df::WorldManager::getInstance(void)" (?getInstance@WorldManager@df@@SAAEAV12@XZ)
GameOver.obj : error LNK2001: unresolved external symbol "public: static class df::WorldManager & __cdecl df::WorldManager::getInstance(void)" (?getInstance@WorldManager@df@@SAAEAV12@XZ)
Hero.obj : error LNK2001: unresolved external symbol "public: static class df::WorldManager & __cdecl df::WorldManager::getInstance(void)" (?getInstance@WorldManager@df@@SAAEAV12@XZ)
Saucer.obj : error LNK2001: unresolved external symbol "public: int __cdecl df::WorldManager::markForDelete(class df::Object *)" (?markForDelete@WorldManager@df@@QEAAHPEAVObject@2@@Z)
Bullet.obj : error LNK2001: unresolved external symbol "public: int __cdecl df::WorldManager::markForDelete(class df::Object *)" (?markForDelete@WorldManager@df@@QEAAHPEAVObject@2@@Z)
Explosion.obj : error LNK2001: unresolved external symbol "public: int __cdecl df::WorldManager::markForDelete(class df::Object *)" (?markForDelete@WorldManager@df@@QEAAHPEAVObject@2@@Z)
GameOver.obj : error LNK2001: unresolved external symbol "public: int __cdecl df::WorldManager::markForDelete(class df::Object *)" (?markForDelete@WorldManager@df@@QEAAHPEAVObject@2@@Z)
Hero.obj : error LNK2001: unresolved external symbol "public: int __cdecl df::WorldManager::markForDelete(class df::Object *)" (?markForDelete@WorldManager@df@@QEAAHPEAVObject@2@@Z)
Bullet.obj : error LNK2019: unresolved external symbol "public: class df::Object * __cdecl df::EventCollision::getObject1(void)const " (?getObject1@EventCollision@df@@QEBAPEAVObject@2@XZ) referenced in function "private: void __cdecl Bullet::hit(class df::EventCollision const *)" (?hit@Bullet@@AEAAXPEBVEventCollision@df@@@Z)
Saucer.obj : error LNK2001: unresolved external symbol "public: class df::Object * __cdecl df::EventCollision::getObject1(void)const " (?getObject1@EventCollision@df@@QEBAPEAVObject@2@XZ)
Bullet.obj : error LNK2019: unresolved external symbol "public: class df::Object * __cdecl df::EventCollision::getObject2(void)const " (?getObject2@EventCollision@df@@QEBAPEAVObject@2@XZ) referenced in function "private: void __cdecl Bullet::hit(class df::EventCollision const *)" (?hit@Bullet@@AEAAXPEBVEventCollision@df@@@Z)
Saucer.obj : error LNK2001: unresolved external symbol "public: class df::Object * __cdecl df::EventCollision::getObject2(void)const " (?getObject2@EventCollision@df@@QEBAPEAVObject@2@XZ)
EventNuke.obj : error LNK2019: unresolved external symbol "public: __cdecl df::Event::Event(void)" (??0Event@df@@QEAA@XZ) referenced in function "public: __cdecl EventNuke::EventNuke(void)" (??0EventNuke@@QEAA@XZ)
EventNuke.obj : error LNK2019: unresolved external symbol "public: virtual __cdecl df::Event::~Event(void)" (??1Event@df@@UEAA@XZ) referenced in function "int `public: __cdecl EventNuke::EventNuke(void)'::`1'::dtor$0" (?dtor$0@?0???0EventNuke@@QEAA@XZ@4HA)
Hero.obj : error LNK2001: unresolved external symbol "public: virtual __cdecl df::Event::~Event(void)" (??1Event@df@@UEAA@XZ)
EventNuke.obj : error LNK2019: unresolved external symbol "public: void __cdecl df::Event::setType(class std::basic_string<char,struct std::char_traits<char>,class std::allocator<char> >)" (?setType@Event@df@@QEAAXV?$basic_string@DU?$char_traits@D@std@@V?$allocator@D@2@@std@@@Z) referenced in function "public: __cdecl EventNuke::EventNuke(void)" (??0EventNuke@@QEAA@XZ)
Explosion.obj : error LNK2019: unresolved external symbol "public: int __cdecl df::Object::setSolidness(enum df::Solidness)" (?setSolidness@Object@df@@QEAAHW4Solidness@2@@Z) referenced in function "public: __cdecl Explosion::Explosion(void)" (??0Explosion@@QEAA@XZ)
GameOver.obj : error LNK2001: unresolved external symbol "public: int __cdecl df::Object::setSolidness(enum df::Solidness)" (?setSolidness@Object@df@@QEAAHW4Solidness@2@@Z)
Reticle.obj : error LNK2001: unresolved external symbol "public: int __cdecl df::Object::setSolidness(enum df::Solidness)" (?setSolidness@Object@df@@QEAAHW4Solidness@2@@Z)
Star.obj : error LNK2001: unresolved external symbol "public: int __cdecl df::Object::setSolidness(enum df::Solidness)" (?setSolidness@Object@df@@QEAAHW4Solidness@2@@Z)
game.obj : error LNK2019: unresolved external symbol "public: static class df::GameManager & __cdecl df::GameManager::getInstance(void)" (?getInstance@GameManager@df@@SAAEAV12@XZ) referenced in function main
GameOver.obj : error LNK2001: unresolved external symbol "public: static class df::GameManager & __cdecl df::GameManager::getInstance(void)" (?getInstance@GameManager@df@@SAAEAV12@XZ)
game.obj : error LNK2019: unresolved external symbol "public: void __cdecl df::GameManager::run(void)" (?run@GameManager@df@@QEAAXXZ) referenced in function main
game.obj : error LNK2019: unresolved external symbol "public: static class df::LogManager & __cdecl df::LogManager::getInstance(void)" (?getInstance@LogManager@df@@SAAEAV12@XZ) referenced in function main
game.obj : error LNK2019: unresolved external symbol "public: void __cdecl df::LogManager::setFlush(bool)" (?setFlush@LogManager@df@@QEAAX_N@Z) referenced in function main
game.obj : error LNK2019: unresolved external symbol "public: int __cdecl df::LogManager::writeLog(char const *,...)const " (?writeLog@LogManager@df@@QEBAHPEBDZZ) referenced in function main
GameOver.obj : error LNK2019: unresolved external symbol "public: int __cdecl df::DisplayManager::drawString(class df::Vector,class std::basic_string<char,struct std::char_traits<char>,class std::allocator<char> >,enum df::Justification,enum df::Color)const " (?drawString@DisplayManager@df@@QEBAHVVector@2@V?$basic_string@DU?$char_traits@D@std@@V?$allocator@D@2@@std@@W4Justification@2@W4Color@2@@Z) referenced in function "public: virtual void __cdecl GameOver::draw(void)" (?draw@GameOver@@UEAAXXZ)
GameOver.obj : error LNK2019: unresolved external symbol "public: int __cdecl df::DisplayManager::getHorizontal(void)const " (?getHorizontal@DisplayManager@df@@QEBAHXZ) referenced in function "public: __cdecl GameOver::GameOver(void)" (??0GameOver@@QEAA@XZ)
Saucer.obj : error LNK2001: unresolved external symbol "public: int __cdecl df::DisplayManager::getHorizontal(void)const " (?getHorizontal@DisplayManager@df@@QEBAHXZ)
Star.obj : error LNK2001: unresolved external symbol "public: int __cdecl df::DisplayManager::getHorizontal(void)const " (?getHorizontal@DisplayManager@df@@QEBAHXZ)
GameOver.obj : error LNK2019: unresolved external symbol "public: int __cdecl df::DisplayManager::getVertical(void)const " (?getVertical@DisplayManager@df@@QEBAHXZ) referenced in function "public: __cdecl GameOver::GameOver(void)" (??0GameOver@@QEAA@XZ)
Hero.obj : error LNK2001: unresolved external symbol "public: int __cdecl df::DisplayManager::getVertical(void)const " (?getVertical@DisplayManager@df@@QEBAHXZ)
Saucer.obj : error LNK2001: unresolved external symbol "public: int __cdecl df::DisplayManager::getVertical(void)const " (?getVertical@DisplayManager@df@@QEBAHXZ)
Star.obj : error LNK2001: unresolved external symbol "public: int __cdecl df::DisplayManager::getVertical(void)const " (?getVertical@DisplayManager@df@@QEBAHXZ)
GameOver.obj : error LNK2019: unresolved external symbol "public: void __cdecl df::GameManager::setGameOver(bool)" (?setGameOver@GameManager@df@@QEAAX_N@Z) referenced in function "private: void __cdecl GameOver::step(void)" (?step@GameOver@@AEAAXXZ)
GameOver.obj : error LNK2019: unresolved external symbol "public: class std::basic_string<char,struct std::char_traits<char>,class std::allocator<char> > __cdecl df::Object::getType(void)const " (?getType@Object@df@@QEBA?AV?$basic_string@DU?$char_traits@D@std@@V?$allocator@D@2@@std@@XZ) referenced in function "public: virtual __cdecl GameOver::~GameOver(void)" (??1GameOver@@UEAA@XZ)
Saucer.obj : error LNK2001: unresolved external symbol "public: class std::basic_string<char,struct std::char_traits<char>,class std::allocator<char> > __cdecl df::Object::getType(void)const " (?getType@Object@df@@QEBA?AV?$basic_string@DU?$char_traits@D@std@@V?$allocator@D@2@@std@@XZ)
GameOver.obj : error LNK2019: unresolved external symbol "public: int __cdecl df::Object::setAltitude(int)" (?setAltitude@Object@df@@QEAAHH@Z) referenced in function "public: __cdecl GameOver::GameOver(void)" (??0GameOver@@QEAA@XZ)
Reticle.obj : error LNK2001: unresolved external symbol "public: int __cdecl df::Object::setAltitude(int)" (?setAltitude@Object@df@@QEAAHH@Z)
Star.obj : error LNK2001: unresolved external symbol "public: int __cdecl df::Object::setAltitude(int)" (?setAltitude@Object@df@@QEAAHH@Z)
GameOver.obj : error LNK2019: unresolved external symbol "public: __cdecl df::ObjectListIterator::ObjectListIterator(class df::ObjectList const *)" (??0ObjectListIterator@df@@QEAA@PEBVObjectList@1@@Z) referenced in function "public: virtual __cdecl GameOver::~GameOver(void)" (??1GameOver@@UEAA@XZ)
GameOver.obj : error LNK2019: unresolved external symbol "public: void __cdecl df::ObjectListIterator::first(void)" (?first@ObjectListIterator@df@@QEAAXXZ) referenced in function "public: virtual __cdecl GameOver::~GameOver(void)" (??1GameOver@@UEAA@XZ)
GameOver.obj : error LNK2019: unresolved external symbol "public: void __cdecl df::ObjectListIterator::next(void)" (?next@ObjectListIterator@df@@QEAAXXZ) referenced in function "public: virtual __cdecl GameOver::~GameOver(void)" (??1GameOver@@UEAA@XZ)
GameOver.obj : error LNK2019: unresolved external symbol "public: bool __cdecl df::ObjectListIterator::isDone(void)const " (?isDone@ObjectListIterator@df@@QEBA_NXZ) referenced in function "public: virtual __cdecl GameOver::~GameOver(void)" (??1GameOver@@UEAA@XZ)
GameOver.obj : error LNK2019: unresolved external symbol "public: class df::Object * __cdecl df::ObjectListIterator::currentObject(void)const " (?currentObject@ObjectListIterator@df@@QEBAPEAVObject@2@XZ) referenced in function "public: virtual __cdecl GameOver::~GameOver(void)" (??1GameOver@@UEAA@XZ)
GameOver.obj : error LNK2019: unresolved external symbol "public: class df::ObjectList __cdecl df::WorldManager::getAllObjects(bool)const " (?getAllObjects@WorldManager@df@@QEBA?AVObjectList@2@_N@Z) referenced in function "public: virtual __cdecl GameOver::~GameOver(void)" (??1GameOver@@UEAA@XZ)
Hero.obj : error LNK2019: unresolved external symbol "public: void __cdecl df::Vector::setX(float)" (?setX@Vector@df@@QEAAXM@Z) referenced in function "public: virtual __cdecl Hero::~Hero(void)" (??1Hero@@UEAA@XZ)
Saucer.obj : error LNK2001: unresolved external symbol "public: void __cdecl df::Vector::setX(float)" (?setX@Vector@df@@QEAAXM@Z)
Hero.obj : error LNK2019: unresolved external symbol "public: void __cdecl df::Vector::setY(float)" (?setY@Vector@df@@QEAAXM@Z) referenced in function "public: virtual __cdecl Hero::~Hero(void)" (??1Hero@@UEAA@XZ)
Saucer.obj : error LNK2001: unresolved external symbol "public: void __cdecl df::Vector::setY(float)" (?setY@Vector@df@@QEAAXM@Z)
Hero.obj : error LNK2019: unresolved external symbol "public: enum df::EventMouseAction __cdecl df::EventMouse::getMouseAction(void)const " (?getMouseAction@EventMouse@df@@QEBA?AW4EventMouseAction@2@XZ) referenced in function "private: void __cdecl Hero::mouse(class df::EventMouse const *)" (?mouse@Hero@@AEAAXPEBVEventMouse@df@@@Z)
Reticle.obj : error LNK2001: unresolved external symbol "public: enum df::EventMouseAction __cdecl df::EventMouse::getMouseAction(void)const " (?getMouseAction@EventMouse@df@@QEBA?AW4EventMouseAction@2@XZ)
Hero.obj : error LNK2019: unresolved external symbol "public: enum df::Mouse::EventMouseButton __cdecl df::EventMouse::getMouseButton(void)const " (?getMouseButton@EventMouse@df@@QEBA?AW4EventMouseButton@Mouse@2@XZ) referenced in function "private: void __cdecl Hero::mouse(class df::EventMouse const *)" (?mouse@Hero@@AEAAXPEBVEventMouse@df@@@Z)
Hero.obj : error LNK2019: unresolved external symbol "public: class df::Vector __cdecl df::EventMouse::getMousePosition(void)const " (?getMousePosition@EventMouse@df@@QEBA?AVVector@2@XZ) referenced in function "private: void __cdecl Hero::mouse(class df::EventMouse const *)" (?mouse@Hero@@AEAAXPEBVEventMouse@df@@@Z)
Reticle.obj : error LNK2001: unresolved external symbol "public: class df::Vector __cdecl df::EventMouse::getMousePosition(void)const " (?getMousePosition@EventMouse@df@@QEBA?AVVector@2@XZ)
Hero.obj : error LNK2019: unresolved external symbol "public: class df::Vector __cdecl df::Object::getVelocity(void)const " (?getVelocity@Object@df@@QEBA?AVVector@2@XZ) referenced in function "private: void __cdecl Hero::fire(class df::Vector)" (?fire@Hero@@AEAAXVVector@df@@@Z)
Hero.obj : error LNK2019: unresolved external symbol "public: int __cdecl df::WorldManager::moveObject(class df::Object *,class df::Vector)" (?moveObject@WorldManager@df@@QEAAHPEAVObject@2@VVector@2@@Z) referenced in function "private: void __cdecl Hero::move(int)" (?move@Hero@@AEAAXH@Z)
Saucer.obj : error LNK2001: unresolved external symbol "public: int __cdecl df::WorldManager::moveObject(class df::Object *,class df::Vector)" (?moveObject@WorldManager@df@@QEAAHPEAVObject@2@VVector@2@@Z)
Hero.obj : error LNK2019: unresolved external symbol "public: int __cdecl df::WorldManager::onEvent(class df::Event const *)const " (?onEvent@WorldManager@df@@QEBAHPEBVEvent@2@@Z) referenced in function "private: void __cdecl Hero::nuke(void)" (?nuke@Hero@@AEAAXXZ)
Hero.obj : error LNK2019: unresolved external symbol "public: enum df::Keyboard::Key __cdecl df::EventKeyboard::getKey(void)const " (?getKey@EventKeyboard@df@@QEBA?AW4Key@Keyboard@2@XZ) referenced in function "private: void __cdecl Hero::kbd(class df::EventKeyboard const *)" (?kbd@Hero@@AEAAXPEBVEventKeyboard@df@@@Z)
Hero.obj : error LNK2019: unresolved external symbol "public: enum df::EventKeyboardAction __cdecl df::EventKeyboard::getKeyboardAction(void)const " (?getKeyboardAction@EventKeyboard@df@@QEBA?AW4EventKeyboardAction@2@XZ) referenced in function "private: void __cdecl Hero::kbd(class df::EventKeyboard const *)" (?kbd@Hero@@AEAAXPEBVEventKeyboard@df@@@Z)
Saucer.obj : error LNK2019: unresolved external symbol "public: __cdecl df::Vector::Vector(void)" (??0Vector@df@@QEAA@XZ) referenced in function "private: void __cdecl Saucer::moveToStart(void)" (?moveToStart@Saucer@@AEAAXXZ)
Saucer.obj : error LNK2019: unresolved external symbol "public: bool __cdecl df::ObjectList::isEmpty(void)const " (?isEmpty@ObjectList@df@@QEBA_NXZ) referenced in function "private: void __cdecl Saucer::moveToStart(void)" (?moveToStart@Saucer@@AEAAXXZ)
Saucer.obj : error LNK2019: unresolved external symbol "public: class df::ObjectList __cdecl df::WorldManager::isCollision(class df::Object *,class df::Vector)const " (?isCollision@WorldManager@df@@QEBA?AVObjectList@2@PEAVObject@2@VVector@2@@Z) referenced in function "private: void __cdecl Saucer::moveToStart(void)" (?moveToStart@Saucer@@AEAAXXZ)
D:\David Giangrave\Documents\Repos\IMGD-3000-17\saucer-shoot-naiad-master\vs-2015\x64\Debug\saucer-shoot.exe : fatal error LNK1120: 50 unresolved externals
