d:\david giangrave\documents\repos\imgd-3000-17\saucer-shoot-naiad-master\vs-2015\x64\debug\vc141.pdb
d:\david giangrave\documents\repos\imgd-3000-17\saucer-shoot-naiad-master\vs-2015\x64\debug\vc141.idb
d:\david giangrave\documents\repos\imgd-3000-17\saucer-shoot-naiad-master\vs-2015\x64\debug\eventnuke.obj
d:\david giangrave\documents\repos\imgd-3000-17\saucer-shoot-naiad-master\vs-2015\x64\debug\game.obj
d:\david giangrave\documents\repos\imgd-3000-17\saucer-shoot-naiad-master\vs-2015\x64\debug\bullet.obj
d:\david giangrave\documents\repos\imgd-3000-17\saucer-shoot-naiad-master\vs-2015\x64\debug\explosion.obj
d:\david giangrave\documents\repos\imgd-3000-17\saucer-shoot-naiad-master\vs-2015\x64\debug\gameover.obj
d:\david giangrave\documents\repos\imgd-3000-17\saucer-shoot-naiad-master\vs-2015\x64\debug\hero.obj
d:\david giangrave\documents\repos\imgd-3000-17\saucer-shoot-naiad-master\vs-2015\x64\debug\reticle.obj
d:\david giangrave\documents\repos\imgd-3000-17\saucer-shoot-naiad-master\vs-2015\x64\debug\saucer.obj
d:\david giangrave\documents\repos\imgd-3000-17\saucer-shoot-naiad-master\vs-2015\x64\debug\star.obj
d:\david giangrave\documents\repos\imgd-3000-17\saucer-shoot-naiad-master\vs-2015\x64\debug\saucer-shoot.exp
d:\david giangrave\documents\repos\imgd-3000-17\saucer-shoot-naiad-master\vs-2015\x64\debug\saucer-shoot.pdb
d:\david giangrave\documents\repos\imgd-3000-17\saucer-shoot-naiad-master\vs-2015\x64\debug\saucer-shoot.tlog\cl.command.1.tlog
d:\david giangrave\documents\repos\imgd-3000-17\saucer-shoot-naiad-master\vs-2015\x64\debug\saucer-shoot.tlog\cl.read.1.tlog
d:\david giangrave\documents\repos\imgd-3000-17\saucer-shoot-naiad-master\vs-2015\x64\debug\saucer-shoot.tlog\cl.write.1.tlog
d:\david giangrave\documents\repos\imgd-3000-17\saucer-shoot-naiad-master\vs-2015\x64\debug\saucer-shoot.tlog\link-cvtres.read.1.tlog
d:\david giangrave\documents\repos\imgd-3000-17\saucer-shoot-naiad-master\vs-2015\x64\debug\saucer-shoot.tlog\link-cvtres.write.1.tlog
d:\david giangrave\documents\repos\imgd-3000-17\saucer-shoot-naiad-master\vs-2015\x64\debug\saucer-shoot.tlog\link-rc.read.1.tlog
d:\david giangrave\documents\repos\imgd-3000-17\saucer-shoot-naiad-master\vs-2015\x64\debug\saucer-shoot.tlog\link-rc.write.1.tlog
d:\david giangrave\documents\repos\imgd-3000-17\saucer-shoot-naiad-master\vs-2015\x64\debug\saucer-shoot.tlog\link.command.1.tlog
d:\david giangrave\documents\repos\imgd-3000-17\saucer-shoot-naiad-master\vs-2015\x64\debug\saucer-shoot.tlog\link.read.1.tlog
d:\david giangrave\documents\repos\imgd-3000-17\saucer-shoot-naiad-master\vs-2015\x64\debug\saucer-shoot.tlog\link.write.1.tlog
