d:\david giangrave\documents\visual studio 2017\projects\dragonfly\vs-2017\x64\debug\vc141.pdb
d:\david giangrave\documents\visual studio 2017\projects\dragonfly\vs-2017\x64\debug\vc141.idb
d:\david giangrave\documents\visual studio 2017\projects\dragonfly\vs-2017\x64\debug\game.obj
d:\david giangrave\documents\visual studio 2017\projects\dragonfly\vs-2017\x64\debug\logmanager.obj
d:\david giangrave\documents\visual studio 2017\projects\dragonfly\vs-2017\x64\debug\manager.obj
d:\david giangrave\documents\visual studio 2017\projects\dragonfly\vs-2017\x64\debug\utility.obj
d:\david giangrave\documents\visual studio 2017\projects\dragonfly\vs-2017\x64\debug\clock.obj
d:\david giangrave\documents\visual studio 2017\projects\dragonfly\vs-2017\x64\debug\object.obj
d:\david giangrave\documents\visual studio 2017\projects\dragonfly\vs-2017\x64\debug\objectlist.obj
d:\david giangrave\documents\visual studio 2017\projects\dragonfly\vs-2017\x64\debug\objectlistiterator.obj
d:\david giangrave\documents\visual studio 2017\projects\dragonfly\vs-2017\x64\debug\vector.obj
d:\david giangrave\documents\visual studio 2017\projects\dragonfly\vs-2017\x64\debug\gamemanager.obj
d:\david giangrave\documents\visual studio 2017\projects\dragonfly\vs-2017\x64\debug\event.obj
d:\david giangrave\documents\visual studio 2017\projects\dragonfly\vs-2017\x64\debug\eventstep.obj
d:\david giangrave\documents\visual studio 2017\projects\dragonfly\vs-2017\x64\debug\worldmanager.obj
d:\david giangrave\documents\visual studio 2017\projects\dragonfly\vs-2017\x64\debug\testclass.obj
d:\david giangrave\documents\visual studio 2017\projects\dragonfly\vs-2017\x64\debug\dragonfly.lib
d:\david giangrave\documents\visual studio 2017\projects\dragonfly\vs-2017\x64\debug\dragonfly.exp
d:\david giangrave\documents\visual studio 2017\projects\dragonfly\vs-2017\x64\debug\dragonfly.exe
d:\david giangrave\documents\visual studio 2017\projects\dragonfly\vs-2017\x64\debug\dragonfly.ilk
d:\david giangrave\documents\visual studio 2017\projects\dragonfly\vs-2017\x64\debug\dragonfly.pdb
d:\david giangrave\documents\visual studio 2017\projects\dragonfly\vs-2017\x64\debug\dragonfly.tlog\cl.command.1.tlog
d:\david giangrave\documents\visual studio 2017\projects\dragonfly\vs-2017\x64\debug\dragonfly.tlog\cl.read.1.tlog
d:\david giangrave\documents\visual studio 2017\projects\dragonfly\vs-2017\x64\debug\dragonfly.tlog\cl.write.1.tlog
d:\david giangrave\documents\visual studio 2017\projects\dragonfly\vs-2017\x64\debug\dragonfly.tlog\dragonfly.write.1u.tlog
d:\david giangrave\documents\visual studio 2017\projects\dragonfly\vs-2017\x64\debug\dragonfly.tlog\link.command.1.tlog
d:\david giangrave\documents\visual studio 2017\projects\dragonfly\vs-2017\x64\debug\dragonfly.tlog\link.read.1.tlog
d:\david giangrave\documents\visual studio 2017\projects\dragonfly\vs-2017\x64\debug\dragonfly.tlog\link.write.1.tlog
